  BackGround.cpp
  Boss.cpp
  BossBullet.cpp
C:\Users\User\Desktop\TeamProject\Shooting Game\Shooting Game\BossBullet.cpp(69,15): warning C4244: '인수': 'int'에서 'float'(으)로 변환하면서 데이터가 손실될 수 있습니다.
  Button.cpp
C:\Users\User\Desktop\TeamProject\Shooting Game\Shooting Game\Button.cpp(47,38): warning C4244: '인수': 'float'에서 'int'(으)로 변환하면서 데이터가 손실될 수 있습니다.
C:\Users\User\Desktop\TeamProject\Shooting Game\Shooting Game\Button.cpp(47,26): warning C4244: '인수': 'float'에서 'int'(으)로 변환하면서 데이터가 손실될 수 있습니다.
  MonBullet.cpp
  Monster.cpp
  CollisionMgr.cpp
C:\Users\User\Desktop\TeamProject\Shooting Game\Shooting Game\CollisionMgr.cpp(49,19): warning C4244: '초기화 중': 'int'에서 'float'(으)로 변환하면서 데이터가 손실될 수 있습니다.
C:\Users\User\Desktop\TeamProject\Shooting Game\Shooting Game\CollisionMgr.cpp(61,14): warning C4244: '초기화 중': 'int'에서 'float'(으)로 변환하면서 데이터가 손실될 수 있습니다.
C:\Users\User\Desktop\TeamProject\Shooting Game\Shooting Game\CollisionMgr.cpp(62,14): warning C4244: '초기화 중': 'int'에서 'float'(으)로 변환하면서 데이터가 손실될 수 있습니다.
  MathMgr.cpp
C:\Users\User\Desktop\TeamProject\Shooting Game\Shooting Game\MathMgr.cpp(27,15): warning C4244: '초기화 중': 'double'에서 'float'(으)로 변환하면서 데이터가 손실될 수 있습니다.
  Mouse.cpp
C:\Users\User\Desktop\TeamProject\Shooting Game\Shooting Game\Mouse.cpp(17,16): warning C4244: '=': 'float'에서 'int'(으)로 변환하면서 데이터가 손실될 수 있습니다.
C:\Users\User\Desktop\TeamProject\Shooting Game\Shooting Game\Mouse.cpp(18,16): warning C4244: '=': 'float'에서 'int'(으)로 변환하면서 데이터가 손실될 수 있습니다.
  MainGame.cpp
  Obj.cpp
  ObjMgr.cpp
  Player.cpp
  PlayerBullet.cpp
  Scene.cpp
  SceneMgr.cpp
  Shooting Game.cpp
  Stag1Boss.cpp
  StageScene.cpp
C:\Users\User\Desktop\TeamProject\Shooting Game\Shooting Game\StageScene.cpp(58,21): warning C4477: 'swprintf_s' : 서식 문자열 '%d'에 'int' 형식의 인수가 필요하지만 variadic 인수 1의 형식이 'unsigned __int64'입니다.
C:\Users\User\Desktop\TeamProject\Shooting Game\Shooting Game\StageScene.cpp(58,21): message : 서식 문자열에서 '%zd'을(를) 사용하는 것이 좋습니다.
  StartScene.cpp
  코드를 생성하고 있습니다...
C:\Users\User\Desktop\TeamProject\Shooting Game\Shooting Game\ObjMgr.cpp(156): warning C4715: 'CObjMgr::ObjPooling': 모든 제어 경로에서 값을 반환하지는 않습니다.
  Shooting Game.vcxproj -> C:\Users\User\Desktop\TeamProject\Shooting Game\x64\Debug\Shooting Game.exe
